Arguments: 
  /Users/cabbio540/.nvm/versions/node/v8.1.2/bin/node /Users/cabbio540/.nvm/versions/node/v8.1.2/bin/yarn install

PATH: 
  /Users/cabbio540/.rvm/gems/ruby-2.3.0/bin:/Users/cabbio540/.rvm/gems/ruby-2.3.0@global/bin:/Users/cabbio540/.rvm/rubies/ruby-2.3.0/bin:/Users/cabbio540/Downloads/google-cloud-sdk/bin:/Users/cabbio540/.sdkman/candidates/gradle/current/bin:/Users/cabbio540/.nvm/versions/node/v8.1.2/bin:/usr/local/bin:/usr/bin:/bin:/usr/sbin:/sbin:/Users/cabbio540/.rvm/bin

Yarn version: 
  0.27.5

Node version: 
  8.1.2

Platform: 
  darwin x64

npm manifest: 
  {
    "name": "barebones-boilerplate",
    "version": "0.0.1",
    "description": "A barebones boilerplate",
    "main": "index.js",
    "scripts": {
      "start": "npm run watch & npm run browser:sync",
      "watch": "npm run watch:css & npm run watch:js",
      "serve": "http-server",
      "browser:sync": "browser-sync start --server 'public' --files 'public'",
      "build:css": "node-sass app/scss/ -o public/assets/css",
      "build:js": "browserify app/js/app.js -o public/assets/js/app.js -t [ babelify --presets [ es2015 stage-0 ] ]",
      "watch:css": "watch 'npm run build:css' app/scss",
      "watch:js": "watchify app/js/app.js -o public/assets/js/app.js -t [ babelify --presets [ es2015 stage-0 ] ] -v"
    },
    "author": "Simon Holmes",
    "license": "LAD",
    "devDependencies": {
      "babel-cli": "^6.18.0",
      "babel-preset-env": "^1.1.4",
      "babel-plugin-add-module-exports": "^0.2.1",
      "babel-plugin-transform-es2015-modules-commonjs": "^6.24.1",
      "babel-plugin-transform-object-rest-spread": "^6.23.0",
      "babel-register": "^6.9.0",
      "babelify": "^7.2.0",
      "browser-sync": "^2.12.3",
      "browserify": "^13.0.0",
      "http-server": "^0.9.0",
      "node-sass": "^3.4.2",
      "watch": "^0.17.1",
      "watchify": "^3.7.0"
    }
  }

yarn manifest: 
  No manifest

Lockfile: 
  No lockfile

Trace: 
  SyntaxError: /Users/cabbio540/Sites/personal/package.json: Unexpected end of JSON input
      at JSON.parse (<anonymous>)
      at /Users/cabbio540/.nvm/versions/node/v8.1.2/lib/node_modules/yarn/lib/util/fs.js:554:57
      at Generator.next (<anonymous>)
      at step (/Users/cabbio540/.nvm/versions/node/v8.1.2/lib/node_modules/yarn/node_modules/babel-runtime/helpers/asyncToGenerator.js:17:30)
      at /Users/cabbio540/.nvm/versions/node/v8.1.2/lib/node_modules/yarn/node_modules/babel-runtime/helpers/asyncToGenerator.js:28:13
      at <anonymous>
